# JRE version: Java(TM) SE Runtime Environment 18.9 (11.0.11+9) (build 11.0.11+9-LTS-194)
# Java VM: Java HotSpot(TM) 64-Bit Server VM 18.9 (11.0.11+9-LTS-194, mixed mode, tiered, compressed oops, g1 gc, windows-amd64)
Heap:
 garbage-first heap   total 98304K, used 17761K [0x00000000a1e00000, 0x0000000100000000)
  region size 1024K, 12 young (12288K), 2 survivors (2048K)
 Metaspace       used 23310K, capacity 24121K, committed 24316K, reserved 1071104K
  class space    used 2611K, capacity 2931K, committed 3068K, reserved 1048576K
GC Heap History (6 events):
Event: 1.571 GC heap before
{Heap before GC invocations=0 (full 0):
 garbage-first heap   total 98304K, used 13312K [0x00000000a1e00000, 0x0000000100000000)
  region size 1024K, 14 young (14336K), 0 survivors (0K)
 Metaspace       used 11438K, capacity 11883K, committed 12160K, reserved 1060864K
  class space    used 1175K, capacity 1329K, committed 1408K, reserved 1048576K
}
Event: 1.583 GC heap after
{Heap after GC invocations=1 (full 0):
 garbage-first heap   total 98304K, used 3386K [0x00000000a1e00000, 0x0000000100000000)
  region size 1024K, 2 young (2048K), 2 survivors (2048K)
 Metaspace       used 11438K, capacity 11883K, committed 12160K, reserved 1060864K
  class space    used 1175K, capacity 1329K, committed 1408K, reserved 1048576K
}
Event: 2.967 GC heap before
{Heap before GC invocations=1 (full 0):
 garbage-first heap   total 98304K, used 23866K [0x00000000a1e00000, 0x0000000100000000)
  region size 1024K, 22 young (22528K), 2 survivors (2048K)
 Metaspace       used 16859K, capacity 17394K, committed 17664K, reserved 1064960K
  class space    used 1761K, capacity 1975K, committed 2048K, reserved 1048576K
}
Event: 2.983 GC heap after
{Heap after GC invocations=2 (full 0):
 garbage-first heap   total 98304K, used 6788K [0x00000000a1e00000, 0x0000000100000000)
  region size 1024K, 3 young (3072K), 3 survivors (3072K)
 Metaspace       used 16859K, capacity 17394K, committed 17664K, reserved 1064960K
  class space    used 1761K, capacity 1975K, committed 2048K, reserved 1048576K
}
Event: 4.221 GC heap before
{Heap before GC invocations=2 (full 0):
 garbage-first heap   total 98304K, used 23172K [0x00000000a1e00000, 0x0000000100000000)
  region size 1024K, 21 young (21504K), 3 survivors (3072K)
 Metaspace       used 20591K, capacity 21183K, committed 21248K, reserved 1069056K
  class space    used 2268K, capacity 2521K, committed 2560K, reserved 1048576K
}
Event: 4.237 GC heap after
{Heap after GC invocations=3 (full 0):
 garbage-first heap   total 98304K, used 8545K [0x00000000a1e00000, 0x0000000100000000)
  region size 1024K, 2 young (2048K), 2 survivors (2048K)
 Metaspace       used 20591K, capacity 21183K, committed 21248K, reserved 1069056K
  class space    used 2268K, capacity 2521K, committed 2560K, reserved 1048576K
}

